<?xml version="1.0" encoding="UTF-8"?>
<coverage generated="1723129792590" clover="3.2.0">
  <project timestamp="1723129792590" name="All files">
    <metrics statements="4" coveredstatements="4" conditionals="0" coveredconditionals="0" methods="2" coveredmethods="2" elements="6" coveredelements="6" complexity="0" loc="4" ncloc="4" packages="1" files="2" classes="2"/>
    <file name="ContactUs.jsx" path="/Users/arkaprabhadas/Documents/React JS Codes/Namaste React/FoodApp/src/Components/ContactUs.jsx">
      <metrics statements="2" coveredstatements="2" conditionals="0" coveredconditionals="0" methods="1" coveredmethods="1"/>
      <line num="3" count="1" type="stmt"/>
      <line num="4" count="3" type="stmt"/>
    </file>
    <file name="Sum.js" path="/Users/arkaprabhadas/Documents/React JS Codes/Namaste React/FoodApp/src/Components/Sum.js">
      <metrics statements="2" coveredstatements="2" conditionals="0" coveredconditionals="0" methods="1" coveredmethods="1"/>
      <line num="1" count="1" type="stmt"/>
      <line num="2" count="1" type="stmt"/>
    </file>
  </project>
</coverage>
