{"/Users/arkaprabhadas/Documents/React JS Codes/Namaste React/FoodApp/src/Components/ContactUs.jsx": {"path":"/Users/arkaprabhadas/Documents/React JS Codes/Namaste React/FoodApp/src/Components/ContactUs.jsx","statementMap":{"0":{"start":{"line":3,"column":18},"end":{"line":19,"column":1}},"1":{"start":{"line":4,"column":4},"end":{"line":18,"column":5}}},"fnMap":{"0":{"name":"(anonymous_0)","decl":{"start":{"line":3,"column":18},"end":{"line":3,"column":19}},"loc":{"start":{"line":3,"column":22},"end":{"line":19,"column":1}},"line":3}},"branchMap":{},"s":{"0":1,"1":3},"f":{"0":3},"b":{},"_coverageSchema":"1a1c01bbd47fc00a2c39e90264f33305004495a9","hash":"991c7dbfa04d7bbf775edc2d34ed48523fe625b7"}
,"/Users/arkaprabhadas/Documents/React JS Codes/Namaste React/FoodApp/src/Components/Sum.js": {"path":"/Users/arkaprabhadas/Documents/React JS Codes/Namaste React/FoodApp/src/Components/Sum.js","statementMap":{"0":{"start":{"line":1,"column":19},"end":{"line":3,"column":1}},"1":{"start":{"line":2,"column":4},"end":{"line":2,"column":15}}},"fnMap":{"0":{"name":"(anonymous_0)","decl":{"start":{"line":1,"column":19},"end":{"line":1,"column":20}},"loc":{"start":{"line":1,"column":27},"end":{"line":3,"column":1}},"line":1}},"branchMap":{},"s":{"0":1,"1":1},"f":{"0":1},"b":{},"_coverageSchema":"1a1c01bbd47fc00a2c39e90264f33305004495a9","hash":"92bb94652661302f32b8e0162ebaa964ca761de7"}
}
